-------------------------------------------------------------------------------
Test set: learning.java.fraction.Fraction.AppTest
-------------------------------------------------------------------------------
Tests run: 1, Failures: 1, Errors: 0, Skipped: 0, Time elapsed: 0.008 sec <<< FAILURE! - in learning.java.fraction.Fraction.AppTest
test  Time elapsed: 0.008 sec  <<< FAILURE!
org.opentest4j.AssertionFailedError: Not yet implemented
	at learning.java.fraction.Fraction.AppTest.test(AppTest.java:11)

